<?xml version="1.0" encoding="UTF-8"?>
<testng-results ignored="0" total="1" passed="1" failed="0" skipped="0">
  <reporter-output>
  </reporter-output>
  <suite started-at="2023-06-13T17:10:35 IST" name="Default suite" finished-at="2023-06-13T17:10:35 IST" duration-ms="29">
    <groups>
    </groups>
    <test started-at="2023-06-13T17:10:35 IST" name="Default test" finished-at="2023-06-13T17:10:35 IST" duration-ms="29">
      <class name="NewTest">
        <test-method is-config="true" signature="beforeSuite()[pri:0, instance:NewTest@3a52dba3]" started-at="2023-06-13T17:10:03 IST" name="beforeSuite" finished-at="2023-06-13T17:10:35 IST" duration-ms="32326" status="PASS">
          <reporter-output>
          </reporter-output>
        </test-method> <!-- beforeSuite -->
        <test-method signature="f()[pri:0, instance:NewTest@3a52dba3]" started-at="2023-06-13T17:10:35 IST" name="f" finished-at="2023-06-13T17:10:35 IST" duration-ms="4" status="PASS">
          <reporter-output>
          </reporter-output>
        </test-method> <!-- f -->
        <test-method is-config="true" signature="afterSuite()[pri:0, instance:NewTest@3a52dba3]" started-at="2023-06-13T17:10:35 IST" name="afterSuite" finished-at="2023-06-13T17:10:35 IST" duration-ms="0" status="PASS">
          <reporter-output>
          </reporter-output>
        </test-method> <!-- afterSuite -->
      </class> <!-- NewTest -->
    </test> <!-- Default test -->
  </suite> <!-- Default suite -->
</testng-results>
